.=====================================================================.
                                                                       
  .d8888b.   .o8888b.  db  .d8888b.  d8888b. d88888b d8888b.  .d888b.  
 .8P    Y8. d8P    Y8  88 .8P    Y8. 88  `8D 88'     88  `8D .8P , Y8. 
 88      88 8P     .ooo88 88      88 88oooY' 88oooo  88oobY' 88  |  88 
 88      88 8b     `~~~88 88      88 88~~~b. 88~~~~  88`8b   88  |/ 88 
 `8b    d8' Y8b    d8  88 `8b    d8' 88   8D 88.     88 `88. `8b | d8' 
  `Y8888P'   `Y8888P'  YP  `Y8888P'  Y8888P' Y88888P 88   YD  `Y888P'  
                                                                       
`========================== INSTALLATION LOG ========================='

[2019/06/18 09:30:11] Host: Linux hello 4.15.0-20-generic #21-Ubuntu SMP Tue Apr 24 06:16:15 UTC 2018 x86_64
[2019/06/18 09:30:11] PHP version: 7.2.17-0ubuntu0.18.04.1
[2019/06/18 09:30:11] Server software: PHP 7.2.17-0ubuntu0.18.04.1 Development Server
[2019/06/18 09:30:11] Operating system: Linux
[2019/06/18 09:30:11] Memory limit: -1
[2019/06/18 09:30:11] Max execution time: 3600
.============================ POST REQUEST ==========================.
[2019/06/18 09:30:11] Postback payload: Array
(
    [code] => phpVersion
    [handler] => onCheckRequirement
)

[2019/06/18 09:30:11] System check: phpVersion
[2019/06/18 09:30:11] Requirement phpVersion +OK
[2019/06/18 09:30:11] Execute handler (onCheckRequirement): Array
(
    [result] => 1
)

.============================ POST REQUEST ==========================.
[2019/06/18 09:30:12] Postback payload: Array
(
    [code] => curlLibrary
    [handler] => onCheckRequirement
)

[2019/06/18 09:30:12] System check: curlLibrary
[2019/06/18 09:30:12] Requirement curlLibrary +OK
[2019/06/18 09:30:12] Execute handler (onCheckRequirement): Array
(
    [result] => 1
)

.============================ POST REQUEST ==========================.
[2019/06/18 09:30:12] Postback payload: Array
(
    [code] => liveConnection
    [handler] => onCheckRequirement
)

[2019/06/18 09:30:12] System check: liveConnection
[2019/06/18 09:30:13] Server request: ping
[2019/06/18 09:30:13] Request information: Array
(
    [url] => http://gateway.octobercms.com/api/ping
    [content_type] => application/json
    [http_code] => 200
    [header_size] => 435
    [request_size] => 179
    [filetime] => -1
    [ssl_verify_result] => 0
    [redirect_count] => 0
    [total_time] => 0.940999
    [namelookup_time] => 0.509782
    [connect_time] => 0.711094
    [pretransfer_time] => 0.711269
    [size_upload] => 40
    [size_download] => 12
    [speed_download] => 12
    [speed_upload] => 42
    [download_content_length] => -1
    [upload_content_length] => 40
    [starttransfer_time] => 0.94091
    [redirect_time] => 0
    [redirect_url] => 
    [primary_ip] => 52.37.223.30
    [certinfo] => Array
        (
        )

    [primary_port] => 80
    [local_ip] => 192.168.100.125
    [local_port] => 34182
)

[2019/06/18 09:30:13] Requirement liveConnection +OK
[2019/06/18 09:30:13] Execute handler (onCheckRequirement): Array
(
    [result] => 1
)

.============================ POST REQUEST ==========================.
[2019/06/18 09:30:14] Postback payload: Array
(
    [code] => writePermission
    [handler] => onCheckRequirement
)

[2019/06/18 09:30:14] System check: writePermission
[2019/06/18 09:30:14] Requirement writePermission +OK
[2019/06/18 09:30:14] Execute handler (onCheckRequirement): Array
(
    [result] => 1
)

.============================ POST REQUEST ==========================.
[2019/06/18 09:30:14] Postback payload: Array
(
    [code] => pdoLibrary
    [handler] => onCheckRequirement
)

[2019/06/18 09:30:14] System check: pdoLibrary
[2019/06/18 09:30:14] Requirement pdoLibrary +OK
[2019/06/18 09:30:14] Execute handler (onCheckRequirement): Array
(
    [result] => 1
)

.============================ POST REQUEST ==========================.
[2019/06/18 09:30:15] Postback payload: Array
(
    [code] => mbstringLibrary
    [handler] => onCheckRequirement
)

[2019/06/18 09:30:15] System check: mbstringLibrary
[2019/06/18 09:30:15] Requirement mbstringLibrary +OK
[2019/06/18 09:30:15] Execute handler (onCheckRequirement): Array
(
    [result] => 1
)

.============================ POST REQUEST ==========================.
[2019/06/18 09:30:15] Postback payload: Array
(
    [code] => fileinfoLibrary
    [handler] => onCheckRequirement
)

[2019/06/18 09:30:15] System check: fileinfoLibrary
[2019/06/18 09:30:15] Requirement fileinfoLibrary +OK
[2019/06/18 09:30:15] Execute handler (onCheckRequirement): Array
(
    [result] => 1
)

.============================ POST REQUEST ==========================.
[2019/06/18 09:30:16] Postback payload: Array
(
    [code] => sslLibrary
    [handler] => onCheckRequirement
)

[2019/06/18 09:30:16] System check: sslLibrary
[2019/06/18 09:30:16] Requirement sslLibrary +OK
[2019/06/18 09:30:16] Execute handler (onCheckRequirement): Array
(
    [result] => 1
)

.============================ POST REQUEST ==========================.
[2019/06/18 09:30:16] Postback payload: Array
(
    [code] => zipLibrary
    [handler] => onCheckRequirement
)

[2019/06/18 09:30:16] System check: zipLibrary
[2019/06/18 09:30:16] Requirement zipLibrary +OK
[2019/06/18 09:30:16] Execute handler (onCheckRequirement): Array
(
    [result] => 1
)

.============================ POST REQUEST ==========================.
[2019/06/18 09:30:17] Postback payload: Array
(
    [code] => gdLibrary
    [handler] => onCheckRequirement
)

[2019/06/18 09:30:17] System check: gdLibrary
[2019/06/18 09:30:17] Requirement gdLibrary +OK
[2019/06/18 09:30:17] Execute handler (onCheckRequirement): Array
(
    [result] => 1
)

.============================ POST REQUEST ==========================.
[2019/06/18 09:31:44] Postback payload: Array
(
    [db_type] => mysql
    [db_host] => 127.0.0.1
    [db_port] => 
    [db_name] => company_profile_db
    [db_user] => root
    [db_pass] => *******
    [admin_first_name] => Admin
    [admin_last_name] => Person
    [admin_email] => *******@*****.com
    [admin_login] => admin
    [admin_password] => *******
    [admin_confirm_password] => *******
    [backend_uri] => /backend
    [encryption_code] => *******
    [file_mask] => 777
    [folder_mask] => 777
    [handler] => onValidateDatabase
)

.============================ POST REQUEST ==========================.
[2019/06/18 09:31:44] Postback payload: Array
(
    [db_type] => mysql
    [db_host] => 127.0.0.1
    [db_port] => 
    [db_name] => company_profile_db
    [db_user] => root
    [db_pass] => *******
    [admin_first_name] => Admin
    [admin_last_name] => Person
    [admin_email] => *******@*****.com
    [admin_login] => admin
    [admin_password] => *******
    [admin_confirm_password] => *******
    [backend_uri] => /backend
    [encryption_code] => *******
    [file_mask] => 777
    [folder_mask] => 777
    [handler] => onValidateAdminAccount
)

.============================ POST REQUEST ==========================.
[2019/06/18 09:31:44] Postback payload: Array
(
    [db_type] => mysql
    [db_host] => 127.0.0.1
    [db_port] => 
    [db_name] => company_profile_db
    [db_user] => root
    [db_pass] => *******
    [admin_first_name] => Admin
    [admin_last_name] => Person
    [admin_email] => *******@*****.com
    [admin_login] => admin
    [admin_password] => *******
    [admin_confirm_password] => *******
    [backend_uri] => /backend
    [encryption_code] => *******
    [file_mask] => 777
    [folder_mask] => 777
    [handler] => onValidateAdvancedConfig
)

.============================ POST REQUEST ==========================.
[2019/06/18 09:31:47] Postback payload: Array
(
    [handler] => onGetPopularThemes
)

[2019/06/18 09:32:11] Server request: theme/popular
[2019/06/18 09:32:11] Request information: Array
(
    [url] => http://gateway.octobercms.com/api/theme/popular
    [content_type] => application/json
    [http_code] => 200
    [header_size] => 418
    [request_size] => 188
    [filetime] => -1
    [ssl_verify_result] => 0
    [redirect_count] => 0
    [total_time] => 23.892659
    [namelookup_time] => 9.4E-5
    [connect_time] => 18.799408
    [pretransfer_time] => 18.799589
    [size_upload] => 40
    [size_download] => 4019
    [speed_download] => 168
    [speed_upload] => 1
    [download_content_length] => -1
    [upload_content_length] => 40
    [starttransfer_time] => 23.473055
    [redirect_time] => 0
    [redirect_url] => 
    [primary_ip] => 52.37.223.30
    [certinfo] => Array
        (
        )

    [primary_port] => 80
    [local_ip] => 192.168.100.125
    [local_port] => 34236
)

[2019/06/18 09:32:11] Execute handler (onGetPopularThemes): Array
(
    [0] => Array
        (
            [name] => Clean Blog
            [description] => Clean blogger theme.
            [code] => Responsiv.Clean
            [updated_at] => 2019-06-17 21:41:11
            [image] => //gateway.octobercms.com/storage/app/uploads/public/58e/304/7a4/thumb_6978_210_140_0_0_crop.png
            [author] => Responsiv Internet
            [hash] => 07e5b7066168a94349ac92018770c2e8
            [demo_url] => http://daftspunk.com/
            [product_url] => http://gateway.octobercms.com/theme/responsiv-clean
        )

    [1] => Array
        (
            [name] => New Age
            [description] => Landing page for mobile apps
            [code] => VojtaSvoboda.newage
            [updated_at] => 2019-06-17 19:04:37
            [image] => //gateway.octobercms.com/storage/app/uploads/public/580/7eb/dc9/thumb_5770_210_140_0_0_crop.png
            [author] => Vojta Svoboda
            [hash] => 09d9e47e64a2ed47dc35146a792008c2
            [demo_url] => https://blackrockdigital.github.io/startbootstrap-new-age/
            [product_url] => http://gateway.octobercms.com/theme/vojtasvoboda-newage
        )

    [2] => Array
        (
            [name] => Stellar
            [description] => a clean, responsive one page and blog theme
            [code] => Zwiebl.zwiebl_stellar
            [updated_at] => 2019-06-17 13:40:25
            [image] => //gateway.octobercms.com/storage/app/uploads/public/57e/bb4/fe9/thumb_5641_210_140_0_0_crop.png
            [author] => Alpen.Space
            [hash] => 19345446d87ad08e6937503019a43fd9
            [demo_url] => https://demo-stellar.alpen.space/
            [product_url] => http://gateway.octobercms.com/theme/zwiebl-zwiebl-stellar
        )

    [3] => Array
        (
            [name] => Blank Bootstrap 4
            [description] => A blank Bootstrap 4 template
            [code] => Hambern.hambern-blank-bootstrap-4
            [updated_at] => 2019-06-18 02:25:53
            [image] => //gateway.octobercms.com/storage/app/uploads/public/57b/9ba/c48/thumb_5365_210_140_0_0_crop.png
            [author] => Mattias Hamberg
            [hash] => 9a6762de633774de2cebf69a88f290d1
            [demo_url] => 
            [product_url] => http://gateway.octobercms.com/theme/hambern-hambern-blank-bootstrap-4
        )

    [4] => Array
        (
            [name] => Bonjour
            [description] => A sample multi-lingual theme for translated content.
            [code] => RainLab.Bonjour
            [updated_at] => 2019-06-17 15:01:35
            [image] => //gateway.octobercms.com/storage/app/uploads/public/577/9df/850/thumb_4911_210_140_0_0_crop.png
            [author] => RainLab
            [hash] => f1084f81e0e1c5c8d22317794292deb3
            [demo_url] => 
            [product_url] => http://gateway.octobercms.com/theme/rainlab-bonjour
        )

    [5] => Array
        (
            [name] => Viola
            [description] => One Page Theme based on Bootstrap 4 with different color schemes, scss files included
            [code] => JumpLink.Viola
            [updated_at] => 2019-06-17 14:57:30
            [image] => //gateway.octobercms.com/storage/app/uploads/public/574/6af/435/thumb_4705_210_140_0_0_crop.png
            [author] => JumpLink
            [hash] => fe09a3915724fcc241e0e5914c8ea346
            [demo_url] => http://healthyteeth.jumplink.eu/
            [product_url] => http://gateway.octobercms.com/theme/jumplink-viola
        )

    [6] => Array
        (
            [name] => Relax
            [description] => A fictional site called House of Chairs that demonstrates how to build a client-friendly website.
            [code] => RainLab.Relax
            [updated_at] => 2019-06-17 18:54:39
            [image] => //gateway.octobercms.com/storage/app/uploads/public/559/49e/2da/thumb_2585_210_140_0_0_crop.png
            [author] => RainLab
            [hash] => a35c64b09ad6347b8a226291e5b8fd75
            [demo_url] => 
            [product_url] => http://gateway.octobercms.com/theme/rainlab-relax
        )

    [7] => Array
        (
            [name] => Vanilla
            [description] => A plain starter template that implements account management, a blog and community forum.
            [code] => RainLab.Vanilla
            [updated_at] => 2019-06-17 16:40:58
            [image] => //gateway.octobercms.com/storage/app/uploads/public/552/da4/0f8/thumb_2106_210_140_0_0_crop.png
            [author] => RainLab
            [hash] => 4b893d1c085a298e9b9b1d13635a675f
            [demo_url] => 
            [product_url] => http://gateway.octobercms.com/theme/rainlab-vanilla
        )

    [8] => Array
        (
            [name] => Flat UI
            [description] => A theme that uses a Flat user-interface and has no dependencies on others plugins.
            [code] => Responsiv.Flat
            [updated_at] => 2019-06-17 21:11:34
            [image] => //gateway.octobercms.com/storage/app/uploads/public/53d/084/fbc/thumb_543_210_140_0_0_crop.png
            [author] => Responsiv Internet
            [hash] => 3b3994c2c50d1b0f49a0725d764c12e8
            [demo_url] => 
            [product_url] => http://gateway.octobercms.com/theme/responsiv-flat
        )

)

.============================ POST REQUEST ==========================.
[2019/06/18 09:32:18] Postback payload: Array
(
    [name] => Hambern.hambern-blank-bootstrap-4
    [handler] => onThemeDetails
)

[2019/06/18 09:32:19] Server request: theme/detail
[2019/06/18 09:32:19] Request information: Array
(
    [url] => http://gateway.octobercms.com/api/theme/detail
    [content_type] => application/json
    [http_code] => 200
    [header_size] => 418
    [request_size] => 226
    [filetime] => -1
    [ssl_verify_result] => 0
    [redirect_count] => 0
    [total_time] => 0.520774
    [namelookup_time] => 0.004343
    [connect_time] => 0.217908
    [pretransfer_time] => 0.218025
    [size_upload] => 79
    [size_download] => 455
    [speed_download] => 875
    [speed_upload] => 151
    [download_content_length] => -1
    [upload_content_length] => 79
    [starttransfer_time] => 0.520706
    [redirect_time] => 0
    [redirect_url] => 
    [primary_ip] => 54.68.25.146
    [certinfo] => Array
        (
        )

    [primary_port] => 80
    [local_ip] => 192.168.100.125
    [local_port] => 44536
)

[2019/06/18 09:32:19] Execute handler (onThemeDetails): Array
(
    [name] => Blank Bootstrap 4
    [description] => A blank Bootstrap 4 template
    [code] => Hambern.hambern-blank-bootstrap-4
    [updated_at] => 2019-06-18 02:25:53
    [image] => //gateway.octobercms.com/storage/app/uploads/public/57b/9ba/c48/thumb_5365_210_140_0_0_crop.png
    [author] => Mattias Hamberg
    [hash] => 9a6762de633774de2cebf69a88f290d1
    [demo_url] => 
    [product_url] => http://gateway.octobercms.com/theme/hambern-hambern-blank-bootstrap-4
    [require] => Array
        (
        )

)

.============================ POST REQUEST ==========================.
[2019/06/18 09:32:19] Postback payload: Array
(
    [step] => getMetaData
    [meta] => 
    [themes] => Array
        (
            [0] => Array
                (
                    [name] => Blank Bootstrap 4
                    [description] => A blank Bootstrap 4 template
                    [code] => Hambern.hambern-blank-bootstrap-4
                    [updated_at] => 2019-06-18 02:25:53
                    [image] => //gateway.octobercms.com/storage/app/uploads/public/57b/9ba/c48/thumb_5365_210_140_0_0_crop.png
                    [author] => Mattias Hamberg
                    [hash] => 9a6762de633774de2cebf69a88f290d1
                    [demo_url] => 
                    [product_url] => http://gateway.octobercms.com/theme/hambern-hambern-blank-bootstrap-4
                )

        )

    [handler] => onInstallStep
)

[2019/06/18 09:32:19] Install step: getMetaData
[2019/06/18 09:32:19] Server request: core/install
[2019/06/18 09:32:19] Request information: Array
(
    [url] => http://gateway.octobercms.com/api/core/install
    [content_type] => application/json
    [http_code] => 200
    [header_size] => 418
    [request_size] => 235
    [filetime] => -1
    [ssl_verify_result] => 0
    [redirect_count] => 0
    [total_time] => 0.63894
    [namelookup_time] => 5.2E-5
    [connect_time] => 0.214018
    [pretransfer_time] => 0.214123
    [size_upload] => 88
    [size_download] => 202
    [speed_download] => 316
    [speed_upload] => 137
    [download_content_length] => -1
    [upload_content_length] => 88
    [starttransfer_time] => 0.638877
    [redirect_time] => 0
    [redirect_url] => 
    [primary_ip] => 54.68.25.146
    [certinfo] => Array
        (
        )

    [primary_port] => 80
    [local_ip] => 192.168.100.125
    [local_port] => 44540
)

[2019/06/18 09:32:19] Step getMetaData +OK
[2019/06/18 09:32:19] Execute handler (onInstallStep): Array
(
    [result] => Array
        (
            [core] => Array
                (
                    [hash] => 6f6148a343581c3310b3b9ecde2d444a
                    [build] => 455
                    [uhash] => 530fb2559d6b264485c60ac3797fe8ac
                )

            [plugins] => Array
                (
                )

            [themes] => Array
                (
                    [Hambern.hambern-blank-bootstrap-4] => 9a6762de633774de2cebf69a88f290d1
                )

        )

)

.============================ POST REQUEST ==========================.
[2019/06/18 09:32:20] Postback payload: Array
(
    [step] => downloadCore
    [meta] => Array
        (
            [core] => Array
                (
                    [hash] => 6f6148a343581c3310b3b9ecde2d444a
                    [build] => 455
                    [uhash] => 530fb2559d6b264485c60ac3797fe8ac
                )

            [themes] => Array
                (
                    [Hambern.hambern-blank-bootstrap-4] => 9a6762de633774de2cebf69a88f290d1
                )

        )

    [handler] => onInstallStep
)

[2019/06/18 09:32:20] Install step: downloadCore
[2019/06/18 09:32:28] Saving to file (core): /home/hello/Documents/github/cms/october/company-profile-with-october-cms/install_files/temp/a74ad8dfacd4f985eb3977517615ce25.arc
[2019/06/18 09:32:28] Step downloadCore +OK
[2019/06/18 09:32:28] Execute handler (onInstallStep): Array
(
    [result] => 
)

.============================ POST REQUEST ==========================.
[2019/06/18 09:32:29] Postback payload: Array
(
    [step] => downloadTheme
    [meta] => Array
        (
            [core] => Array
                (
                    [hash] => 6f6148a343581c3310b3b9ecde2d444a
                    [build] => 455
                    [uhash] => 530fb2559d6b264485c60ac3797fe8ac
                )

            [themes] => Array
                (
                    [Hambern.hambern-blank-bootstrap-4] => 9a6762de633774de2cebf69a88f290d1
                )

        )

    [name] => Hambern.hambern-blank-bootstrap-4
    [handler] => onInstallStep
)

[2019/06/18 09:32:29] Install step: downloadTheme
[2019/06/18 09:32:32] Saving to file (Hambern.hambern-blank-bootstrap-4-theme): /home/hello/Documents/github/cms/october/company-profile-with-october-cms/install_files/temp/06ffcd64f2edcc0d2254721fd28db761.arc
[2019/06/18 09:32:32] Step downloadTheme +OK
[2019/06/18 09:32:32] Execute handler (onInstallStep): Array
(
    [result] => 
)

.============================ POST REQUEST ==========================.
[2019/06/18 09:32:32] Postback payload: Array
(
    [step] => extractCore
    [meta] => Array
        (
            [core] => Array
                (
                    [hash] => 6f6148a343581c3310b3b9ecde2d444a
                    [build] => 455
                    [uhash] => 530fb2559d6b264485c60ac3797fe8ac
                )

            [themes] => Array
                (
                    [Hambern.hambern-blank-bootstrap-4] => 9a6762de633774de2cebf69a88f290d1
                )

        )

    [handler] => onInstallStep
)

[2019/06/18 09:32:32] Install step: extractCore
[2019/06/18 09:32:32] Extracting file (core): a74ad8dfacd4f985eb3977517615ce25.arc
[2019/06/18 09:32:35] Step extractCore +OK
[2019/06/18 09:32:35] Execute handler (onInstallStep): Array
(
    [result] => 1
)

.============================ POST REQUEST ==========================.
[2019/06/18 09:32:36] Postback payload: Array
(
    [step] => extractTheme
    [meta] => Array
        (
            [core] => Array
                (
                    [hash] => 6f6148a343581c3310b3b9ecde2d444a
                    [build] => 455
                    [uhash] => 530fb2559d6b264485c60ac3797fe8ac
                )

            [themes] => Array
                (
                    [Hambern.hambern-blank-bootstrap-4] => 9a6762de633774de2cebf69a88f290d1
                )

        )

    [name] => Hambern.hambern-blank-bootstrap-4
    [handler] => onInstallStep
)

[2019/06/18 09:32:36] Install step: extractTheme
[2019/06/18 09:32:36] Extracting file (Hambern.hambern-blank-bootstrap-4-theme): 06ffcd64f2edcc0d2254721fd28db761.arc
[2019/06/18 09:32:36] Step extractTheme +OK
[2019/06/18 09:32:36] Execute handler (onInstallStep): Array
(
    [result] => 1
)

.============================ POST REQUEST ==========================.
[2019/06/18 09:32:36] Postback payload: Array
(
    [step] => setupConfig
    [meta] => Array
        (
            [core] => Array
                (
                    [hash] => 6f6148a343581c3310b3b9ecde2d444a
                    [build] => 455
                    [uhash] => 530fb2559d6b264485c60ac3797fe8ac
                )

            [themes] => Array
                (
                    [Hambern.hambern-blank-bootstrap-4] => 9a6762de633774de2cebf69a88f290d1
                )

        )

    [db_type] => mysql
    [db_host] => 127.0.0.1
    [db_port] => 
    [db_name] => company_profile_db
    [db_user] => root
    [db_pass] => *******
    [admin_first_name] => Admin
    [admin_last_name] => Person
    [admin_email] => *******@*****.com
    [admin_login] => admin
    [admin_password] => *******
    [admin_confirm_password] => *******
    [backend_uri] => /backend
    [encryption_code] => *******
    [file_mask] => 777
    [folder_mask] => 777
    [active_theme] => Hambern.hambern-blank-bootstrap-4
    [handler] => onInstallStep
)

[2019/06/18 09:32:36] Install step: setupConfig
[2019/06/18 02:32:36] Step setupConfig +OK
[2019/06/18 02:32:36] Execute handler (onInstallStep): Array
(
    [result] => 
)

.============================ POST REQUEST ==========================.
[2019/06/18 09:32:37] Postback payload: Array
(
    [step] => createAdmin
    [meta] => Array
        (
            [core] => Array
                (
                    [hash] => 6f6148a343581c3310b3b9ecde2d444a
                    [build] => 455
                    [uhash] => 530fb2559d6b264485c60ac3797fe8ac
                )

            [themes] => Array
                (
                    [Hambern.hambern-blank-bootstrap-4] => 9a6762de633774de2cebf69a88f290d1
                )

        )

    [db_type] => mysql
    [db_host] => 127.0.0.1
    [db_port] => 
    [db_name] => company_profile_db
    [db_user] => root
    [db_pass] => *******
    [admin_first_name] => Admin
    [admin_last_name] => Person
    [admin_email] => *******@*****.com
    [admin_login] => admin
    [admin_password] => *******
    [admin_confirm_password] => *******
    [backend_uri] => /backend
    [encryption_code] => *******
    [file_mask] => 777
    [folder_mask] => 777
    [active_theme] => Hambern.hambern-blank-bootstrap-4
    [handler] => onInstallStep
)

[2019/06/18 09:32:37] Install step: createAdmin
[2019/06/18 02:32:37] Handler error (onInstallStep): SQLSTATE[HY000] [2002] No such file or directory (SQL: select * from information_schema.tables where table_schema = database and table_name = migrations)
[2019/06/18 02:32:37] Trace log:
#0 /home/hello/Documents/github/cms/october/company-profile-with-october-cms/vendor/laravel/framework/src/Illuminate/Database/Connection.php(624): Illuminate\Database\Connection->runQueryCallback('select * from i...', Array, Object(Closure))
#1 /home/hello/Documents/github/cms/october/company-profile-with-october-cms/vendor/laravel/framework/src/Illuminate/Database/Connection.php(333): Illuminate\Database\Connection->run('select * from i...', Array, Object(Closure))
#2 /home/hello/Documents/github/cms/october/company-profile-with-october-cms/vendor/laravel/framework/src/Illuminate/Database/Schema/MySqlBuilder.php(18): Illuminate\Database\Connection->select('select * from i...', Array)
#3 /home/hello/Documents/github/cms/october/company-profile-with-october-cms/vendor/laravel/framework/src/Illuminate/Support/Facades/Facade.php(221): Illuminate\Database\Schema\MySqlBuilder->hasTable('migrations')
#4 /home/hello/Documents/github/cms/october/company-profile-with-october-cms/modules/system/classes/UpdateManager.php(135): Illuminate\Support\Facades\Facade::__callStatic('hasTable', Array)
#5 /home/hello/Documents/github/cms/october/company-profile-with-october-cms/install_files/php/Installer.php(525): System\Classes\UpdateManager->update()
#6 /home/hello/Documents/github/cms/october/company-profile-with-october-cms/install_files/php/Installer.php(382): Installer->createAdminAccount()
#7 /home/hello/Documents/github/cms/october/company-profile-with-october-cms/install_files/php/Installer.php(48): Installer->onInstallStep()
#8 /home/hello/Documents/github/cms/october/company-profile-with-october-cms/install_files/php/boot.php(91): Installer->__construct()
#9 /home/hello/Documents/github/cms/october/company-profile-with-october-cms/install.php(1): include('/home/hello/Doc...')
#10 {main}
.============================ POST REQUEST ==========================.
[2019/06/18 09:32:40] Postback payload: Array
(
    [step] => createAdmin
    [meta] => Array
        (
            [core] => Array
                (
                    [hash] => 6f6148a343581c3310b3b9ecde2d444a
                    [build] => 455
                    [uhash] => 530fb2559d6b264485c60ac3797fe8ac
                )

            [themes] => Array
                (
                    [Hambern.hambern-blank-bootstrap-4] => 9a6762de633774de2cebf69a88f290d1
                )

        )

    [db_type] => mysql
    [db_host] => 127.0.0.1
    [db_port] => 
    [db_name] => company_profile_db
    [db_user] => root
    [db_pass] => *******
    [admin_first_name] => Admin
    [admin_last_name] => Person
    [admin_email] => *******@*****.com
    [admin_login] => admin
    [admin_password] => *******
    [admin_confirm_password] => *******
    [backend_uri] => /backend
    [encryption_code] => *******
    [file_mask] => 777
    [folder_mask] => 777
    [active_theme] => Hambern.hambern-blank-bootstrap-4
    [handler] => onInstallStep
)

[2019/06/18 09:32:40] Install step: createAdmin
[2019/06/18 02:34:02] Step createAdmin +OK
[2019/06/18 02:34:02] Execute handler (onInstallStep): Array
(
    [result] => 
)

.============================ POST REQUEST ==========================.
[2019/06/18 09:34:03] Postback payload: Array
(
    [disableLog] => 1
)

[2019/06/18 09:34:03] Install step: setupProject
[2019/06/18 09:34:03] Step setupProject +OK
[2019/06/18 09:34:03] Execute handler (onInstallStep): Array
(
    [result] => 
)

.============================ POST REQUEST ==========================.
[2019/06/18 09:34:03] Postback payload: Array
(
    [step] => finishInstall
    [meta] => Array
        (
            [core] => Array
                (
                    [hash] => 6f6148a343581c3310b3b9ecde2d444a
                    [build] => 455
                    [uhash] => 530fb2559d6b264485c60ac3797fe8ac
                )

            [themes] => Array
                (
                    [Hambern.hambern-blank-bootstrap-4] => 9a6762de633774de2cebf69a88f290d1
                )

        )

    [hash] => 6f6148a343581c3310b3b9ecde2d444a
    [build] => 455
    [uhash] => 530fb2559d6b264485c60ac3797fe8ac
    [handler] => onInstallStep
)

[2019/06/18 09:34:03] Install step: finishInstall
[2019/06/18 02:34:04] Cleaning up file: a74ad8dfacd4f985eb3977517615ce25.arc
[2019/06/18 02:34:04] Cleaning up file: 06ffcd64f2edcc0d2254721fd28db761.arc
[2019/06/18 02:34:04] Step finishInstall +OK
[2019/06/18 02:34:04] Execute handler (onInstallStep): Array
(
    [result] => 
)

